<?xml version="1.0" encoding="UTF-8"?>
<!-- Generated by org.testng.reporters.JUnitReportReporter -->
<testsuite hostname="WINDOWS-UNR7VLH" failures="0" tests="1" name="test.FinalTest" time="85.146" errors="0" timestamp="2022-11-03T15:38:04 IST" skipped="0">
  <testcase classname="test.FinalTest" name="f" time="85.146"/>
  <system-out/>
</testsuite> <!-- test.FinalTest -->
